d:\visual studio c++\dirtyjob\build\dirtyjob.dir\debug\vc143.pdb
d:\visual studio c++\dirtyjob\build\dirtyjob.dir\debug\main.obj
d:\visual studio c++\dirtyjob\build\dirtyjob.dir\debug\utils.obj
d:\visual studio c++\dirtyjob\build\dirtyjob.dir\debug\shop.obj
d:\visual studio c++\dirtyjob\build\dirtyjob.dir\debug\player.obj
d:\visual studio c++\dirtyjob\build\dirtyjob.dir\debug\minigames_protocolsimon.obj
d:\visual studio c++\dirtyjob\build\dirtyjob.dir\debug\minigames_fwbypass.obj
d:\visual studio c++\dirtyjob\build\dirtyjob.dir\debug\minigames_bruteforcer.obj
d:\visual studio c++\dirtyjob\build\dirtyjob.dir\debug\mail.obj
d:\visual studio c++\dirtyjob\build\dirtyjob.dir\debug\inventorycomponent.obj
d:\visual studio c++\dirtyjob\build\dirtyjob.dir\debug\gamemanager.obj
d:\visual studio c++\dirtyjob\build\dirtyjob.dir\debug\echoai.obj
d:\visual studio c++\dirtyjob\build\dirtyjob.dir\debug\diary.obj
d:\visual studio c++\dirtyjob\build\cmakefiles\generate.stamp
d:\visual studio c++\dirtyjob\build\dirtyjob.exe
d:\visual studio c++\dirtyjob\build\dirtyjob.pdb
d:\visual studio c++\dirtyjob\build\dirtyjob.dir\debug\dirtyjob.ilk
d:\visual studio c++\dirtyjob\build\dirtyjob.dir\debug\dirtyjob.tlog\cl.command.1.tlog
d:\visual studio c++\dirtyjob\build\dirtyjob.dir\debug\dirtyjob.tlog\cl.items.tlog
d:\visual studio c++\dirtyjob\build\dirtyjob.dir\debug\dirtyjob.tlog\cl.read.1.tlog
d:\visual studio c++\dirtyjob\build\dirtyjob.dir\debug\dirtyjob.tlog\cl.write.1.tlog
d:\visual studio c++\dirtyjob\build\dirtyjob.dir\debug\dirtyjob.tlog\custombuild.command.1.tlog
d:\visual studio c++\dirtyjob\build\dirtyjob.dir\debug\dirtyjob.tlog\custombuild.read.1.tlog
d:\visual studio c++\dirtyjob\build\dirtyjob.dir\debug\dirtyjob.tlog\custombuild.write.1.tlog
d:\visual studio c++\dirtyjob\build\dirtyjob.dir\debug\dirtyjob.tlog\link.command.1.tlog
d:\visual studio c++\dirtyjob\build\dirtyjob.dir\debug\dirtyjob.tlog\link.read.1.tlog
d:\visual studio c++\dirtyjob\build\dirtyjob.dir\debug\dirtyjob.tlog\link.secondary.1.tlog
d:\visual studio c++\dirtyjob\build\dirtyjob.dir\debug\dirtyjob.tlog\link.write.1.tlog
