  Building Custom Rule D:/visual studio c++/DirtyJob/CMakeLists.txt
  Diary.cpp
  EchoAI.cpp
  GameManager.cpp
  InventoryComponent.cpp
  Mail.cpp
  MiniGames_BruteForcer.cpp
  MiniGames_FWByPass.cpp
  MiniGames_ProtocolSimon.cpp
D:\visual studio c++\DirtyJob\src\MiniGames_ProtocolSimon.cpp(47,57): warning C4267: аргумент: преобразование из "size_t" в "_Ty"; возможна потеря данных
D:\visual studio c++\DirtyJob\src\MiniGames_ProtocolSimon.cpp(47,57): warning C4267:         with
D:\visual studio c++\DirtyJob\src\MiniGames_ProtocolSimon.cpp(47,57): warning C4267:         [
D:\visual studio c++\DirtyJob\src\MiniGames_ProtocolSimon.cpp(47,57): warning C4267:             _Ty=int
D:\visual studio c++\DirtyJob\src\MiniGames_ProtocolSimon.cpp(47,57): warning C4267:         ]
  Player.cpp
  Shop.cpp
  Utils.cpp
  main.cpp
  Создание кода...
  DirtyJob.vcxproj -> D:\visual studio c++\DirtyJob\build\DirtyJob.exe
